This file contains any messages produced by compilers while
running compile.sh, to aid debugging if compile.sh makes a mistake.

compile.sh: checking whether we are using GNU C
compile.sh: cc -E conftest.c
compile.sh: line 160: cc: command not found
compile.sh: Checking for X11 RandR support
compile.sh: cc -c -I/usr/X11/include  conftest.c 1>&5
compile.sh: line 184: cc: command not found
compile.sh: failed program was:
#include <X11/Xlib.h>
#include <X11/extensions/Xrandr.h>

int main() {; return 0;}
compile.sh: Checking for X11 VidMode support
compile.sh: cc -c -I/usr/X11/include  conftest.c 1>&5
compile.sh: line 221: cc: command not found
compile.sh: failed program was:
#include <X11/Xlib.h>
#include <X11/extensions/xf86vmode.h>

#if defined(__APPLE_CC__)
#error Not supported under Mac OS X
#endif

int main() {; return 0;}
compile.sh: Checking for pthread support
compile.sh: cc -o conftest -I/usr/X11/include  -pthread conftest.c  -lGL -L/usr/X11/lib -pthread 1>&5
compile.sh: line 266: cc: command not found
compile.sh: failed program was:
#include <pthread.h>
int main() {pthread_t posixID; posixID=pthread_self(); return 0;}
compile.sh: cc -o conftest -I/usr/X11/include  -D_REENTRANT conftest.c  -lGL -L/usr/X11/lib -lpthread 1>&5
compile.sh: line 281: cc: command not found
compile.sh: failed program was:
#include <pthread.h>
int main() {pthread_t posixID; posixID=pthread_self(); return 0;}
compile.sh: cc -o conftest -I/usr/X11/include   conftest.c  -lGL -L/usr/X11/lib -lsocket 1>&5
compile.sh: line 296: cc: command not found
compile.sh: failed program was:
#include <pthread.h>
int main() {pthread_t posixID; posixID=pthread_self(); return 0;}
compile.sh: Checking for clock_gettime
compile.sh: cc -o conftest -I/usr/X11/include  conftest.c  1>&5
compile.sh: line 390: cc: command not found
compile.sh: failed program was:
#include <time.h>
#include <unistd.h>
int main() {
#if defined( CLOCK_MONOTONIC )
clock_gettime(0, 0);
#else
#error "clock_gettime support not detected"
#endif
return 0;}
compile.sh: cc -o conftest -I/usr/X11/include  conftest.c -lrt 1>&5
compile.sh: line 401: cc: command not found
compile.sh: failed program was:
#include <time.h>
#include <unistd.h>
int main() {
#if defined( CLOCK_MONOTONIC )
clock_gettime(0, 0);
#else
#error "clock_gettime support not detected"
#endif
return 0;}
compile.sh: Checking for glXGetProcAddress variants
compile.sh: cc -o conftest -I/usr/X11/include  conftest.c  -lGL -L/usr/X11/lib 1>&5
compile.sh: line 437: cc: command not found
compile.sh: failed program was:
#include <X11/Xlib.h>
#include <GL/glx.h>
#include <GL/gl.h>
int main() {void *ptr=(void*)glXGetProcAddress("glFun"); return 0;}
compile.sh: cc -o conftest -I/usr/X11/include  conftest.c  -lGL -L/usr/X11/lib 1>&5
compile.sh: line 462: cc: command not found
compile.sh: failed program was:
#include <X11/Xlib.h>
#include <GL/glx.h>
#include <GL/gl.h>
int main() {void *ptr=(void*)glXGetProcAddressARB("glFun"); return 0;}
compile.sh: cc -o conftest -I/usr/X11/include  conftest.c  -lGL -L/usr/X11/lib 1>&5
compile.sh: line 486: cc: command not found
compile.sh: failed program was:
#include <X11/Xlib.h>
#include <GL/glx.h>
#include <GL/gl.h>
int main() {void *ptr=(void*)glXGetProcAddressEXT("glFun"); return 0;}
compile.sh: Checking for dlopen
compile.sh: cc -o conftest -I/usr/X11/include  conftest.c  -lGL -L/usr/X11/lib 1>&5
compile.sh: line 521: cc: command not found
compile.sh: failed program was:
#include <dlfcn.h>
int main() {void *l=dlopen("libGL.so",RTLD_LAZY|RTLD_GLOBAL); return 0;}
compile.sh: cc -o conftest -I/usr/X11/include  conftest.c  -lGL -L/usr/X11/lib -ldl 1>&5
compile.sh: line 533: cc: command not found
compile.sh: failed program was:
#include <dlfcn.h>
int main() {void *l=dlopen("libGL.so",RTLD_LAZY|RTLD_GLOBAL); return 0;}
compile.sh: Checking for sysconf
compile.sh: cc -o conftest -I/usr/X11/include  conftest.c  -lGL -L/usr/X11/lib 1>&5
compile.sh: line 573: cc: command not found
compile.sh: failed program was:
#include <unistd.h>
#ifndef _SC_NPROCESSORS_ONLN
#ifndef _SC_NPROC_ONLN
#error Neither _SC_NPROCESSORS_ONLN nor _SC_NPROC_ONLN available
#endif
#endif
int main() {long x=sysconf(_SC_ARG_MAX); return 0; }
compile.sh: Checking for sysctl support
compile.sh: cc -E conftest.c
compile.sh: line 606: cc: command not found
compile.sh: Creating ./lib/x11/Makefile.x11
compile.sh: Creating ./examples/Makefile.x11
compile.sh: Creating ./tests/Makefile.x11
compile.sh: Creating ./lib/x11/libglfw.pc.in
