This file contains any messages produced by compilers while
running configure, to aid debugging if configure makes a mistake.

It was created by FreeType configure 2.4.10, which was
generated by GNU Autoconf 2.69.  Invocation command line was

  $ ./configure --without-zlib --without-bzip2

## --------- ##
## Platform. ##
## --------- ##

hostname = Orion.local
uname -m = x86_64
uname -r = 12.2.0
uname -s = Darwin
uname -v = Darwin Kernel Version 12.2.0: Sat Aug 25 00:48:52 PDT 2012; root:xnu-2050.18.24~1/RELEASE_X86_64

/usr/bin/uname -p = i386
/bin/uname -X     = unknown

/bin/arch              = unknown
/usr/bin/arch -k       = unknown
/usr/convex/getsysinfo = unknown
/usr/bin/hostinfo      = Mach kernel version:
	 Darwin Kernel Version 12.2.0: Sat Aug 25 00:48:52 PDT 2012; root:xnu-2050.18.24~1/RELEASE_X86_64
Kernel configured for up to 8 processors.
4 processors are physically available.
8 processors are logically available.
Processor type: i486 (Intel 80486)
Processors active: 0 1 2 3 4 5 6 7
Primary memory available: 8.00 gigabytes
Default processor set: 168 tasks, 834 threads, 8 processors
Load average: 1.82, Mach factor: 6.16
/bin/machine           = unknown
/usr/bin/oslevel       = unknown
/bin/universe          = unknown

PATH: /Users/justin/bin
PATH: /Users/justin/.rvm/gems/ruby-1.9.3-p194/bin
PATH: /Users/justin/.rvm/gems/ruby-1.9.3-p194@global/bin
PATH: /Users/justin/.rvm/rubies/ruby-1.9.3-p194/bin
PATH: /Users/justin/.rvm/bin
PATH: /usr/bin
PATH: /bin
PATH: /usr/sbin
PATH: /sbin
PATH: /usr/local/bin
PATH: /opt/X11/bin


## ----------- ##
## Core tests. ##
## ----------- ##

configure:2481: checking build system type
configure:2495: result: x86_64-apple-darwin12.2.0
configure:2515: checking host system type
configure:2528: result: x86_64-apple-darwin12.2.0
configure:2600: checking for gcc
configure:2616: found /usr/bin/gcc
configure:2627: result: gcc
configure:2856: checking for C compiler version
configure:2865: gcc --version >&5
i686-apple-darwin11-llvm-gcc-4.2 (GCC) 4.2.1 (Based on Apple Inc. build 5658) (LLVM build 2336.11.00)
Copyright (C) 2007 Free Software Foundation, Inc.
This is free software; see the source for copying conditions.  There is NO
warranty; not even for MERCHANTABILITY or FITNESS FOR A PARTICULAR PURPOSE.

configure:2876: $? = 0
configure:2865: gcc -v >&5
Using built-in specs.
Target: i686-apple-darwin11
Configured with: /private/var/tmp/llvmgcc42/llvmgcc42-2336.11~28/src/configure --disable-checking --enable-werror --prefix=/Applications/Xcode.app/Contents/Developer/usr/llvm-gcc-4.2 --mandir=/share/man --enable-languages=c,objc,c++,obj-c++ --program-prefix=llvm- --program-transform-name=/^[cg][^.-]*$/s/$/-4.2/ --with-slibdir=/usr/lib --build=i686-apple-darwin11 --enable-llvm=/private/var/tmp/llvmgcc42/llvmgcc42-2336.11~28/dst-llvmCore/Developer/usr/local --program-prefix=i686-apple-darwin11- --host=x86_64-apple-darwin11 --target=i686-apple-darwin11 --with-gxx-include-dir=/usr/include/c++/4.2.1
Thread model: posix
gcc version 4.2.1 (Based on Apple Inc. build 5658) (LLVM build 2336.11.00)
configure:2876: $? = 0
configure:2865: gcc -V >&5
llvm-gcc-4.2: argument to `-V' is missing
configure:2876: $? = 1
configure:2865: gcc -qversion >&5
i686-apple-darwin11-llvm-gcc-4.2: no input files
configure:2876: $? = 1
configure:2896: checking whether the C compiler works
configure:2918: gcc    conftest.c  >&5
configure:2922: $? = 0
configure:2970: result: yes
configure:2973: checking for C compiler default output file name
configure:2975: result: a.out
configure:2981: checking for suffix of executables
configure:2988: gcc -o conftest    conftest.c  >&5
configure:2992: $? = 0
configure:3014: result: 
configure:3036: checking whether we are cross compiling
configure:3044: gcc -o conftest    conftest.c  >&5
configure:3048: $? = 0
configure:3055: ./conftest
configure:3059: $? = 0
configure:3074: result: no
configure:3079: checking for suffix of object files
configure:3101: gcc -c   conftest.c >&5
configure:3105: $? = 0
configure:3126: result: o
configure:3130: checking whether we are using the GNU C compiler
configure:3149: gcc -c   conftest.c >&5
configure:3149: $? = 0
configure:3158: result: yes
configure:3167: checking whether gcc accepts -g
configure:3187: gcc -c -g  conftest.c >&5
configure:3187: $? = 0
configure:3228: result: yes
configure:3245: checking for gcc option to accept ISO C89
configure:3308: gcc  -c -g -O2  conftest.c >&5
configure:3308: $? = 0
configure:3321: result: none needed
configure:3346: checking how to run the C preprocessor
configure:3377: gcc -E  conftest.c
configure:3377: $? = 0
configure:3391: gcc -E  conftest.c
conftest.c:9:28: error: ac_nonexistent.h: No such file or directory
configure:3391: $? = 1
configure: failed program was:
| /* confdefs.h */
| #define PACKAGE_NAME "FreeType"
| #define PACKAGE_TARNAME "freetype"
| #define PACKAGE_VERSION "2.4.10"
| #define PACKAGE_STRING "FreeType 2.4.10"
| #define PACKAGE_BUGREPORT "freetype@nongnu.org"
| #define PACKAGE_URL ""
| /* end confdefs.h.  */
| #include <ac_nonexistent.h>
configure:3416: result: gcc -E
configure:3436: gcc -E  conftest.c
configure:3436: $? = 0
configure:3450: gcc -E  conftest.c
conftest.c:9:28: error: ac_nonexistent.h: No such file or directory
configure:3450: $? = 1
configure: failed program was:
| /* confdefs.h */
| #define PACKAGE_NAME "FreeType"
| #define PACKAGE_TARNAME "freetype"
| #define PACKAGE_VERSION "2.4.10"
| #define PACKAGE_STRING "FreeType 2.4.10"
| #define PACKAGE_BUGREPORT "freetype@nongnu.org"
| #define PACKAGE_URL ""
| /* end confdefs.h.  */
| #include <ac_nonexistent.h>
configure:3644: checking for rm
configure:3660: found /bin/rm
configure:3671: result: rm -f
configure:3681: checking for rmdir
configure:3697: found /bin/rmdir
configure:3708: result: rmdir
configure:3736: checking for a BSD-compatible install
configure:3804: result: /usr/bin/install -c
configure:3828: checking for grep that handles long lines and -e
configure:3886: result: /usr/bin/grep
configure:3891: checking for egrep
configure:3953: result: /usr/bin/grep -E
configure:3958: checking for ANSI C header files
configure:3978: gcc -c -g -O2  conftest.c >&5
configure:3978: $? = 0
configure:4051: gcc -o conftest -g -O2   conftest.c  >&5
configure:4051: $? = 0
configure:4051: ./conftest
configure:4051: $? = 0
configure:4062: result: yes
configure:4075: checking for sys/types.h
configure:4075: gcc -c -g -O2  conftest.c >&5
configure:4075: $? = 0
configure:4075: result: yes
configure:4075: checking for sys/stat.h
configure:4075: gcc -c -g -O2  conftest.c >&5
configure:4075: $? = 0
configure:4075: result: yes
configure:4075: checking for stdlib.h
configure:4075: gcc -c -g -O2  conftest.c >&5
configure:4075: $? = 0
configure:4075: result: yes
configure:4075: checking for string.h
configure:4075: gcc -c -g -O2  conftest.c >&5
configure:4075: $? = 0
configure:4075: result: yes
configure:4075: checking for memory.h
configure:4075: gcc -c -g -O2  conftest.c >&5
configure:4075: $? = 0
configure:4075: result: yes
configure:4075: checking for strings.h
configure:4075: gcc -c -g -O2  conftest.c >&5
configure:4075: $? = 0
configure:4075: result: yes
configure:4075: checking for inttypes.h
configure:4075: gcc -c -g -O2  conftest.c >&5
configure:4075: $? = 0
configure:4075: result: yes
configure:4075: checking for stdint.h
configure:4075: gcc -c -g -O2  conftest.c >&5
configure:4075: $? = 0
configure:4075: result: yes
configure:4075: checking for unistd.h
configure:4075: gcc -c -g -O2  conftest.c >&5
configure:4075: $? = 0
configure:4075: result: yes
configure:4090: checking fcntl.h usability
configure:4090: gcc -c -g -O2  conftest.c >&5
configure:4090: $? = 0
configure:4090: result: yes
configure:4090: checking fcntl.h presence
configure:4090: gcc -E  conftest.c
configure:4090: $? = 0
configure:4090: result: yes
configure:4090: checking for fcntl.h
configure:4090: result: yes
configure:4090: checking for unistd.h
configure:4090: result: yes
configure:4104: checking for an ANSI C-conforming const
configure:4170: gcc -c -g -O2  conftest.c >&5
configure:4170: $? = 0
configure:4177: result: yes
configure:4189: checking size of int
configure:4194: gcc -o conftest -g -O2   conftest.c  >&5
configure:4194: $? = 0
configure:4194: ./conftest
configure:4194: $? = 0
configure:4208: result: 4
configure:4222: checking size of long
configure:4227: gcc -o conftest -g -O2   conftest.c  >&5
configure:4227: $? = 0
configure:4227: ./conftest
configure:4227: $? = 0
configure:4241: result: 8
configure:4255: checking whether cpp computation of bit length in ftconfig.in works
configure:4306: result: yes
configure:4344: checking for stdlib.h
configure:4344: result: yes
configure:4344: checking for unistd.h
configure:4344: result: yes
configure:4344: checking for sys/param.h
configure:4344: gcc -c -g -O2  conftest.c >&5
configure:4344: $? = 0
configure:4344: result: yes
configure:4364: checking for getpagesize
configure:4364: gcc -o conftest -g -O2   conftest.c  >&5
configure:4364: $? = 0
configure:4364: result: yes
configure:4373: checking for working mmap
configure:4520: gcc -o conftest -g -O2   conftest.c  >&5
configure:4520: $? = 0
configure:4520: ./conftest
configure:4520: $? = 0
configure:4530: result: yes
configure:4546: checking whether munmap is declared
configure:4546: gcc -c -g -O2  conftest.c >&5
configure:4546: $? = 0
configure:4546: result: yes
configure:4566: checking for munmap's first parameter type
configure:4580: gcc -c -g -O2  conftest.c >&5
configure:4580: $? = 0
configure:4581: result: void *
configure:4598: checking for memcpy
configure:4598: gcc -o conftest -g -O2   conftest.c  >&5
conftest.c:53: warning: conflicting types for built-in function 'memcpy'
configure:4598: $? = 0
configure:4598: result: yes
configure:4598: checking for memmove
configure:4598: gcc -o conftest -g -O2   conftest.c  >&5
conftest.c:54: warning: conflicting types for built-in function 'memmove'
configure:4598: $? = 0
configure:4598: result: yes
configure:4621: checking gcc compiler flag -pedantic to assure ANSI C works correctly
configure:4638: gcc -c -g -O2  -pedantic  conftest.c >&5
configure:4638: $? = 0
configure:4640: result: ok, add it to XX_ANSIFLAGS
configure:4621: checking gcc compiler flag -ansi to assure ANSI C works correctly
configure:4638: gcc -c -g -O2  -pedantic -ansi  conftest.c >&5
configure:4638: $? = 0
configure:4640: result: ok, add it to XX_ANSIFLAGS
configure:5428: checking how to print strings
configure:5455: result: printf
configure:5476: checking for a sed that does not truncate output
configure:5540: result: /usr/bin/sed
configure:5558: checking for fgrep
configure:5620: result: /usr/bin/grep -F
configure:5655: checking for ld used by gcc
configure:5722: result: /usr/llvm-gcc-4.2/libexec/gcc/i686-apple-darwin11/4.2.1/ld
configure:5729: checking if the linker (/usr/llvm-gcc-4.2/libexec/gcc/i686-apple-darwin11/4.2.1/ld) is GNU ld
configure:5744: result: no
configure:5756: checking for BSD- or MS-compatible name lister (nm)
configure:5805: result: /usr/bin/nm
configure:5935: checking the name lister (/usr/bin/nm) interface
configure:5942: gcc -c -g -O2 -DDARWIN_NO_CARBON  conftest.c >&5
configure:5945: /usr/bin/nm "conftest.o"
configure:5948: output
00000000000001d4 S _some_variable
configure:5955: result: BSD nm
configure:5958: checking whether ln -s works
configure:5962: result: yes
configure:5970: checking the maximum length of command line arguments
configure:6100: result: 196608
configure:6117: checking whether the shell understands some XSI constructs
configure:6127: result: yes
configure:6131: checking whether the shell understands "+="
configure:6137: result: yes
configure:6172: checking how to convert x86_64-apple-darwin12.2.0 file names to x86_64-apple-darwin12.2.0 format
configure:6212: result: func_convert_file_noop
configure:6219: checking how to convert x86_64-apple-darwin12.2.0 file names to toolchain format
configure:6239: result: func_convert_file_noop
configure:6246: checking for /usr/llvm-gcc-4.2/libexec/gcc/i686-apple-darwin11/4.2.1/ld option to reload object files
configure:6253: result: -r
configure:6327: checking for objdump
configure:6357: result: no
configure:6383: checking how to recognize dependent libraries
configure:6585: result: pass_all
configure:6670: checking for dlltool
configure:6700: result: no
configure:6727: checking how to associate runtime and link libraries
configure:6754: result: printf %s\n
configure:6814: checking for ar
configure:6830: found /usr/bin/ar
configure:6841: result: ar
configure:6878: checking for archiver @FILE support
configure:6895: gcc -c -g -O2 -DDARWIN_NO_CARBON  conftest.c >&5
configure:6895: $? = 0
configure:6898: ar cru libconftest.a @conftest.lst >&5
ar: @conftest.lst: No such file or directory
configure:6901: $? = 1
configure:6921: result: no
configure:6979: checking for strip
configure:6995: found /usr/bin/strip
configure:7006: result: strip
configure:7078: checking for ranlib
configure:7094: found /usr/bin/ranlib
configure:7105: result: ranlib
configure:7182: checking for gawk
configure:7212: result: no
configure:7182: checking for mawk
configure:7212: result: no
configure:7182: checking for nawk
configure:7212: result: no
configure:7182: checking for awk
configure:7198: found /usr/bin/awk
configure:7209: result: awk
configure:7249: checking command to parse /usr/bin/nm output from gcc object
configure:7369: gcc -c -g -O2 -DDARWIN_NO_CARBON  conftest.c >&5
configure:7372: $? = 0
configure:7376: /usr/bin/nm conftest.o \| sed -n -e 's/^.*[ ]\([BCDEGRST][BCDEGRST]*\)[ ][ ]*\([_A-Za-z][_A-Za-z0-9]*\)$/\1 \2 \2/p' | sed '/ __gnu_lto/d' \> conftest.nm
configure:7379: $? = 0
cannot find nm_test_var in conftest.nm
configure:7369: gcc -c -g -O2 -DDARWIN_NO_CARBON  conftest.c >&5
configure:7372: $? = 0
configure:7376: /usr/bin/nm conftest.o \| sed -n -e 's/^.*[ ]\([BCDEGRST][BCDEGRST]*\)[ ][ ]*_\([_A-Za-z][_A-Za-z0-9]*\)$/\1 _\2 \2/p' | sed '/ __gnu_lto/d' \> conftest.nm
configure:7379: $? = 0
configure:7445: gcc -o conftest -g -O2 -DDARWIN_NO_CARBON   conftest.c conftstm.o >&5
configure:7448: $? = 0
configure:7486: result: ok
configure:7523: checking for sysroot
configure:7553: result: no
configure:7809: checking for mt
configure:7839: result: no
configure:7859: checking if : is a manifest tool
configure:7865: : '-?'
configure:7873: result: no
configure:7929: checking for dsymutil
configure:7945: found /usr/bin/dsymutil
configure:7956: result: dsymutil
configure:8021: checking for nmedit
configure:8037: found /usr/bin/nmedit
configure:8048: result: nmedit
configure:8113: checking for lipo
configure:8129: found /usr/bin/lipo
configure:8140: result: lipo
configure:8205: checking for otool
configure:8221: found /usr/bin/otool
configure:8232: result: otool
configure:8297: checking for otool64
configure:8327: result: no
configure:8372: checking for -single_module linker flag
gcc -g -O2 -DDARWIN_NO_CARBON  -o libconftest.dylib -dynamiclib -Wl,-single_module conftest.c
configure:8405: result: yes
configure:8408: checking for -exported_symbols_list linker flag
configure:8428: gcc -o conftest -g -O2 -DDARWIN_NO_CARBON   -Wl,-exported_symbols_list,conftest.sym conftest.c  >&5
configure:8428: $? = 0
configure:8438: result: yes
configure:8441: checking for -force_load linker flag
gcc -g -O2 -DDARWIN_NO_CARBON -c -o conftest.o conftest.c
ar cru libconftest.a conftest.o
ranlib libconftest.a
gcc -g -O2 -DDARWIN_NO_CARBON  -o conftest conftest.c -Wl,-force_load,./libconftest.a
configure:8473: result: yes
configure:8512: checking for dlfcn.h
configure:8512: gcc -c -g -O2 -DDARWIN_NO_CARBON  conftest.c >&5
configure:8512: $? = 0
configure:8512: result: yes
configure:9016: checking for objdir
configure:9031: result: .libs
configure:9298: checking if gcc supports -fno-rtti -fno-exceptions
configure:9316: gcc -c -g -O2 -DDARWIN_NO_CARBON  -fno-rtti -fno-exceptions conftest.c >&5
cc1: warning: command line option "-fno-rtti" is valid for C++/ObjC++ but not for C
configure:9320: $? = 0
configure:9333: result: no
configure:9660: checking for gcc option to produce PIC
configure:9667: result: -fno-common -DPIC
configure:9675: checking if gcc PIC flag -fno-common -DPIC works
configure:9693: gcc -c -g -O2 -DDARWIN_NO_CARBON  -fno-common -DPIC -DPIC conftest.c >&5
configure:9697: $? = 0
configure:9710: result: yes
configure:9739: checking if gcc static flag -static works
configure:9767: result: no
configure:9782: checking if gcc supports -c -o file.o
configure:9803: gcc -c -g -O2 -DDARWIN_NO_CARBON  -o out/conftest2.o conftest.c >&5
configure:9807: $? = 0
configure:9829: result: yes
configure:9837: checking if gcc supports -c -o file.o
configure:9884: result: yes
configure:9917: checking whether the gcc linker (/usr/llvm-gcc-4.2/libexec/gcc/i686-apple-darwin11/4.2.1/ld) supports shared libraries
configure:11070: result: yes
configure:11310: checking dynamic linker characteristics
configure:12043: result: darwin12.2.0 dyld
configure:12150: checking how to hardcode library paths into programs
configure:12175: result: immediate
configure:12715: checking whether stripping libraries is possible
configure:12729: result: yes
configure:12755: checking if libtool supports shared libraries
configure:12757: result: yes
configure:12760: checking whether to build shared libraries
configure:12781: result: yes
configure:12784: checking whether to build static libraries
configure:12788: result: yes
configure:12963: creating ./config.status

## ---------------------- ##
## Running config.status. ##
## ---------------------- ##

This file was extended by FreeType config.status 2.4.10, which was
generated by GNU Autoconf 2.69.  Invocation command line was

  CONFIG_FILES    = 
  CONFIG_HEADERS  = 
  CONFIG_LINKS    = 
  CONFIG_COMMANDS = 
  $ ./config.status 

on Orion.local

config.status:1073: creating unix-cc.mk
config.status:1073: creating unix-def.mk
config.status:1073: creating freetype-config
config.status:1073: creating freetype2.pc
config.status:1073: creating ftconfig.h
config.status:1262: executing libtool commands

## ---------------- ##
## Cache variables. ##
## ---------------- ##

ac_cv_build=x86_64-apple-darwin12.2.0
ac_cv_c_compiler_gnu=yes
ac_cv_c_const=yes
ac_cv_env_CC_set=
ac_cv_env_CC_value=
ac_cv_env_CFLAGS_set=
ac_cv_env_CFLAGS_value=
ac_cv_env_CPPFLAGS_set=
ac_cv_env_CPPFLAGS_value=
ac_cv_env_CPP_set=
ac_cv_env_CPP_value=
ac_cv_env_LDFLAGS_set=
ac_cv_env_LDFLAGS_value=
ac_cv_env_LIBS_set=
ac_cv_env_LIBS_value=
ac_cv_env_build_alias_set=
ac_cv_env_build_alias_value=
ac_cv_env_host_alias_set=
ac_cv_env_host_alias_value=
ac_cv_env_target_alias_set=
ac_cv_env_target_alias_value=
ac_cv_func_getpagesize=yes
ac_cv_func_memcpy=yes
ac_cv_func_memmove=yes
ac_cv_func_mmap_fixed_mapped=yes
ac_cv_have_decl_munmap=yes
ac_cv_header_dlfcn_h=yes
ac_cv_header_fcntl_h=yes
ac_cv_header_inttypes_h=yes
ac_cv_header_memory_h=yes
ac_cv_header_stdc=yes
ac_cv_header_stdint_h=yes
ac_cv_header_stdlib_h=yes
ac_cv_header_string_h=yes
ac_cv_header_strings_h=yes
ac_cv_header_sys_param_h=yes
ac_cv_header_sys_stat_h=yes
ac_cv_header_sys_types_h=yes
ac_cv_header_unistd_h=yes
ac_cv_host=x86_64-apple-darwin12.2.0
ac_cv_objext=o
ac_cv_path_EGREP='/usr/bin/grep -E'
ac_cv_path_FGREP='/usr/bin/grep -F'
ac_cv_path_GREP=/usr/bin/grep
ac_cv_path_SED=/usr/bin/sed
ac_cv_path_install='/usr/bin/install -c'
ac_cv_prog_AWK=awk
ac_cv_prog_CPP='gcc -E'
ac_cv_prog_RMDIR=rmdir
ac_cv_prog_RMF='rm -f'
ac_cv_prog_ac_ct_AR=ar
ac_cv_prog_ac_ct_CC=gcc
ac_cv_prog_ac_ct_DSYMUTIL=dsymutil
ac_cv_prog_ac_ct_LIPO=lipo
ac_cv_prog_ac_ct_NMEDIT=nmedit
ac_cv_prog_ac_ct_OTOOL=otool
ac_cv_prog_ac_ct_RANLIB=ranlib
ac_cv_prog_ac_ct_STRIP=strip
ac_cv_prog_cc_c89=
ac_cv_prog_cc_g=yes
ac_cv_sizeof_int=4
ac_cv_sizeof_long=8
lt_cv_apple_cc_single_mod=yes
lt_cv_ar_at_file=no
lt_cv_deplibs_check_method=pass_all
lt_cv_file_magic_cmd='$MAGIC_CMD'
lt_cv_file_magic_test_file=
lt_cv_ld_exported_symbols_list=yes
lt_cv_ld_force_load=yes
lt_cv_ld_reload_flag=-r
lt_cv_nm_interface='BSD nm'
lt_cv_objdir=.libs
lt_cv_path_LD=/usr/llvm-gcc-4.2/libexec/gcc/i686-apple-darwin11/4.2.1/ld
lt_cv_path_NM=/usr/bin/nm
lt_cv_path_mainfest_tool=no
lt_cv_prog_compiler_c_o=yes
lt_cv_prog_compiler_pic='-fno-common -DPIC'
lt_cv_prog_compiler_pic_works=yes
lt_cv_prog_compiler_rtti_exceptions=no
lt_cv_prog_compiler_static_works=no
lt_cv_prog_gnu_ld=no
lt_cv_sharedlib_from_linklib_cmd='printf %s\n'
lt_cv_sys_global_symbol_pipe='sed -n -e '\''s/^.*[	 ]\([BCDEGRST][BCDEGRST]*\)[	 ][	 ]*_\([_A-Za-z][_A-Za-z0-9]*\)$/\1 _\2 \2/p'\'' | sed '\''/ __gnu_lto/d'\'''
lt_cv_sys_global_symbol_to_c_name_address='sed -n -e '\''s/^: \([^ ]*\)[ ]*$/  {\"\1\", (void *) 0},/p'\'' -e '\''s/^[BCDEGRST]* \([^ ]*\) \([^ ]*\)$/  {"\2", (void *) \&\2},/p'\'''
lt_cv_sys_global_symbol_to_c_name_address_lib_prefix='sed -n -e '\''s/^: \([^ ]*\)[ ]*$/  {\"\1\", (void *) 0},/p'\'' -e '\''s/^[BCDEGRST]* \([^ ]*\) \(lib[^ ]*\)$/  {"\2", (void *) \&\2},/p'\'' -e '\''s/^[BCDEGRST]* \([^ ]*\) \([^ ]*\)$/  {"lib\2", (void *) \&\2},/p'\'''
lt_cv_sys_global_symbol_to_cdecl='sed -n -e '\''s/^T .* \(.*\)$/extern int \1();/p'\'' -e '\''s/^[BCDEGRST]* .* \(.*\)$/extern char \1;/p'\'''
lt_cv_sys_max_cmd_len=196608
lt_cv_to_host_file_cmd=func_convert_file_noop
lt_cv_to_tool_file_cmd=func_convert_file_noop

## ----------------- ##
## Output variables. ##
## ----------------- ##

AR='ar'
AS='as'
AWK='awk'
CC='gcc'
CC_BUILD='gcc'
CFLAGS='-g -O2 -DDARWIN_NO_CARBON'
CPP='gcc -E'
CPPFLAGS=''
DEFS='-DHAVE_CONFIG_H'
DLLTOOL='false'
DSYMUTIL='dsymutil'
DUMPBIN=''
ECHO_C='\c'
ECHO_N=''
ECHO_T=''
EGREP='/usr/bin/grep -E'
EXEEXT=''
EXEEXT_BUILD=''
FGREP='/usr/bin/grep -F'
FT2_EXTRA_LIBS=''
FTSYS_SRC='$(BUILD_DIR)/ftsystem.c'
GREP='/usr/bin/grep'
INSTALL_DATA='${INSTALL} -m 644'
INSTALL_PROGRAM='${INSTALL}'
INSTALL_SCRIPT='${INSTALL}'
LD='/usr/llvm-gcc-4.2/libexec/gcc/i686-apple-darwin11/4.2.1/ld'
LDFLAGS=''
LIBBZ2=''
LIBOBJS=''
LIBS=''
LIBTOOL='$(SHELL) $(top_builddir)/libtool'
LIBZ=''
LIPO='lipo'
LN_S='ln -s'
LTLIBOBJS=''
MANIFEST_TOOL=':'
NM='/usr/bin/nm'
NMEDIT='nmedit'
OBJDUMP='false'
OBJEXT='o'
OTOOL64=':'
OTOOL='otool'
PACKAGE_BUGREPORT='freetype@nongnu.org'
PACKAGE_NAME='FreeType'
PACKAGE_STRING='FreeType 2.4.10'
PACKAGE_TARNAME='freetype'
PACKAGE_URL=''
PACKAGE_VERSION='2.4.10'
PATH_SEPARATOR=':'
RANLIB='ranlib'
RMDIR='rmdir'
RMF='rm -f'
SED='/usr/bin/sed'
SHELL='/bin/sh'
STRIP='strip'
SYSTEM_ZLIB=''
XX_ANSIFLAGS=' -pedantic -ansi'
XX_CFLAGS='-Wall'
ac_ct_AR='ar'
ac_ct_CC='gcc'
ac_ct_DUMPBIN=''
bindir='${exec_prefix}/bin'
build='x86_64-apple-darwin12.2.0'
build_alias=''
build_cpu='x86_64'
build_libtool_libs=''
build_os='darwin12.2.0'
build_vendor='apple'
datadir='${datarootdir}'
datarootdir='${prefix}/share'
docdir='${datarootdir}/doc/${PACKAGE_TARNAME}'
dvidir='${docdir}'
exec_prefix='${prefix}'
ft_version='15.0.9'
ftmac_c=''
hardcode_libdir_flag_spec=''
host='x86_64-apple-darwin12.2.0'
host_alias=''
host_cpu='x86_64'
host_os='darwin12.2.0'
host_vendor='apple'
htmldir='${docdir}'
includedir='${prefix}/include'
infodir='${datarootdir}/info'
libdir='${exec_prefix}/lib'
libexecdir='${exec_prefix}/libexec'
localedir='${datarootdir}/locale'
localstatedir='${prefix}/var'
mandir='${datarootdir}/man'
oldincludedir='/usr/include'
pdfdir='${docdir}'
prefix='/usr/local'
program_transform_name='s,x,x,'
psdir='${docdir}'
sbindir='${exec_prefix}/sbin'
sharedstatedir='${prefix}/com'
sysconfdir='${prefix}/etc'
target_alias=''
version_info='15:0:9'
wl='-Wl,'

## ----------- ##
## confdefs.h. ##
## ----------- ##

/* confdefs.h */
#define PACKAGE_NAME "FreeType"
#define PACKAGE_TARNAME "freetype"
#define PACKAGE_VERSION "2.4.10"
#define PACKAGE_STRING "FreeType 2.4.10"
#define PACKAGE_BUGREPORT "freetype@nongnu.org"
#define PACKAGE_URL ""
#define STDC_HEADERS 1
#define HAVE_SYS_TYPES_H 1
#define HAVE_SYS_STAT_H 1
#define HAVE_STDLIB_H 1
#define HAVE_STRING_H 1
#define HAVE_MEMORY_H 1
#define HAVE_STRINGS_H 1
#define HAVE_INTTYPES_H 1
#define HAVE_STDINT_H 1
#define HAVE_UNISTD_H 1
#define HAVE_FCNTL_H 1
#define HAVE_UNISTD_H 1
#define SIZEOF_INT 4
#define SIZEOF_LONG 8
#define HAVE_STDLIB_H 1
#define HAVE_UNISTD_H 1
#define HAVE_SYS_PARAM_H 1
#define HAVE_GETPAGESIZE 1
#define HAVE_MMAP 1
#define HAVE_DECL_MUNMAP 1
#define MUNMAP_USES_VOIDP /**/
#define HAVE_MEMCPY 1
#define HAVE_MEMMOVE 1
#define HAVE_DLFCN_H 1
#define LT_OBJDIR ".libs/"

configure: exit 0
